<?xml version="1.0" encoding="utf-8"?>
<coverage line-rate="0.95683453237410077" branch-rate="0" complexity="0" branches-covered="0" branches-valid="0" timestamp="1778241727" lines-covered="133" lines-valid="139" version="0">
  <sources>
    <source>C:</source>
  </sources>
  <packages>
    <package name="C:\Users\joaom\Documents\Projects_CPP\Integration-Project-4\build\tests\Debug\client_test.exe" line-rate="0.95683453237410077" branch-rate="0" complexity="0">
      <classes>
        <class name="client.cpp" filename="Users\joaom\Documents\Projects_CPP\Integration-Project-4\src\client\client.cpp" line-rate="0.95683453237410077" branch-rate="0" complexity="0">
          <methods/>
          <lines>
            <line number="4" hits="1"/>
            <line number="5" hits="1"/>
            <line number="6" hits="1"/>
            <line number="9" hits="1"/>
            <line number="10" hits="1"/>
            <line number="11" hits="1"/>
            <line number="13" hits="1"/>
            <line number="14" hits="1"/>
            <line number="16" hits="1"/>
            <line number="18" hits="1"/>
            <line number="20" hits="1"/>
            <line number="22" hits="1"/>
            <line number="23" hits="1"/>
            <line number="24" hits="1"/>
            <line number="25" hits="1"/>
            <line number="28" hits="1"/>
            <line number="30" hits="1"/>
            <line number="31" hits="1"/>
            <line number="34" hits="1"/>
            <line number="35" hits="1"/>
            <line number="36" hits="1"/>
            <line number="37" hits="1"/>
            <line number="39" hits="1"/>
            <line number="41" hits="1"/>
            <line number="43" hits="1"/>
            <line number="45" hits="1"/>
            <line number="47" hits="1"/>
            <line number="49" hits="1"/>
            <line number="51" hits="1"/>
            <line number="52" hits="1"/>
            <line number="53" hits="1"/>
            <line number="55" hits="1"/>
            <line number="56" hits="1"/>
            <line number="57" hits="1"/>
            <line number="58" hits="1"/>
            <line number="61" hits="0"/>
            <line number="63" hits="1"/>
            <line number="64" hits="1"/>
            <line number="67" hits="1"/>
            <line number="68" hits="1"/>
            <line number="69" hits="1"/>
            <line number="70" hits="1"/>
            <line number="72" hits="1"/>
            <line number="74" hits="1"/>
            <line number="76" hits="1"/>
            <line number="78" hits="1"/>
            <line number="80" hits="1"/>
            <line number="82" hits="1"/>
            <line number="84" hits="1"/>
            <line number="85" hits="1"/>
            <line number="86" hits="1"/>
            <line number="88" hits="1"/>
            <line number="89" hits="1"/>
            <line number="90" hits="1"/>
            <line number="91" hits="1"/>
            <line number="94" hits="0"/>
            <line number="96" hits="1"/>
            <line number="97" hits="1"/>
            <line number="100" hits="1"/>
            <line number="101" hits="1"/>
            <line number="102" hits="1"/>
            <line number="103" hits="1"/>
            <line number="105" hits="1"/>
            <line number="107" hits="1"/>
            <line number="108" hits="1"/>
            <line number="110" hits="1"/>
            <line number="112" hits="1"/>
            <line number="113" hits="1"/>
            <line number="114" hits="1"/>
            <line number="117" hits="0"/>
            <line number="119" hits="1"/>
            <line number="120" hits="1"/>
            <line number="123" hits="1"/>
            <line number="124" hits="1"/>
            <line number="125" hits="1"/>
            <line number="126" hits="1"/>
            <line number="128" hits="1"/>
            <line number="130" hits="1"/>
            <line number="132" hits="1"/>
            <line number="133" hits="1"/>
            <line number="135" hits="1"/>
            <line number="136" hits="1"/>
            <line number="138" hits="1"/>
            <line number="139" hits="1"/>
            <line number="140" hits="1"/>
            <line number="143" hits="1"/>
            <line number="145" hits="1"/>
            <line number="146" hits="1"/>
            <line number="149" hits="1"/>
            <line number="150" hits="1"/>
            <line number="151" hits="1"/>
            <line number="152" hits="1"/>
            <line number="154" hits="1"/>
            <line number="156" hits="1"/>
            <line number="158" hits="1"/>
            <line number="159" hits="1"/>
            <line number="161" hits="1"/>
            <line number="163" hits="1"/>
            <line number="165" hits="1"/>
            <line number="166" hits="1"/>
            <line number="167" hits="1"/>
            <line number="169" hits="1"/>
            <line number="170" hits="1"/>
            <line number="171" hits="1"/>
            <line number="174" hits="0"/>
            <line number="176" hits="1"/>
            <line number="177" hits="1"/>
            <line number="180" hits="1"/>
            <line number="181" hits="1"/>
            <line number="182" hits="1"/>
            <line number="183" hits="1"/>
            <line number="185" hits="1"/>
            <line number="187" hits="1"/>
            <line number="189" hits="1"/>
            <line number="190" hits="1"/>
            <line number="192" hits="1"/>
            <line number="194" hits="1"/>
            <line number="196" hits="1"/>
            <line number="197" hits="1"/>
            <line number="198" hits="1"/>
            <line number="200" hits="1"/>
            <line number="201" hits="1"/>
            <line number="202" hits="1"/>
            <line number="205" hits="0"/>
            <line number="207" hits="1"/>
            <line number="208" hits="1"/>
            <line number="211" hits="1"/>
            <line number="212" hits="1"/>
            <line number="213" hits="1"/>
            <line number="215" hits="1"/>
            <line number="216" hits="1"/>
            <line number="218" hits="1"/>
            <line number="220" hits="1"/>
            <line number="222" hits="1"/>
            <line number="224" hits="1"/>
            <line number="225" hits="1"/>
            <line number="228" hits="0"/>
            <line number="230" hits="1"/>
            <line number="231" hits="1"/>
          </lines>
        </class>
      </classes>
    </package>
  </packages>
</coverage>
