<?xml version="1.0" encoding="utf-8"?>
<coverage line-rate="0.6607142857142857" branch-rate="0" complexity="0" branches-covered="0" branches-valid="0" timestamp="1778512115" lines-covered="222" lines-valid="336" version="0">
  <sources>
    <source>C:</source>
  </sources>
  <packages>
    <package name="C:\Users\joaom\Documents\Projects_CPP\Integration-Project-4\build\tests\Debug\client_test.exe" line-rate="0.6607142857142857" branch-rate="0" complexity="0">
      <classes>
        <class name="Catalog.cpp" filename="Users\joaom\Documents\Projects_CPP\Integration-Project-4\src\core\Catalog.cpp" line-rate="0.97391304347826091" branch-rate="0" complexity="0">
          <methods/>
          <lines>
            <line number="21" hits="1"/>
            <line number="22" hits="1"/>
            <line number="24" hits="1"/>
            <line number="25" hits="1"/>
            <line number="26" hits="1"/>
            <line number="28" hits="1"/>
            <line number="29" hits="1"/>
            <line number="30" hits="1"/>
            <line number="31" hits="1"/>
            <line number="32" hits="1"/>
            <line number="33" hits="1"/>
            <line number="34" hits="1"/>
            <line number="36" hits="1"/>
            <line number="37" hits="1"/>
            <line number="38" hits="1"/>
            <line number="39" hits="1"/>
            <line number="40" hits="1"/>
            <line number="41" hits="1"/>
            <line number="43" hits="1"/>
            <line number="44" hits="1"/>
            <line number="47" hits="1"/>
            <line number="48" hits="1"/>
            <line number="50" hits="1"/>
            <line number="52" hits="1"/>
            <line number="55" hits="1"/>
            <line number="56" hits="1"/>
            <line number="57" hits="1"/>
            <line number="58" hits="1"/>
            <line number="61" hits="1"/>
            <line number="62" hits="1"/>
            <line number="63" hits="1"/>
            <line number="64" hits="1"/>
            <line number="66" hits="1"/>
            <line number="67" hits="1"/>
            <line number="69" hits="1"/>
            <line number="70" hits="1"/>
            <line number="71" hits="1"/>
            <line number="72" hits="1"/>
            <line number="75" hits="1"/>
            <line number="76" hits="1"/>
            <line number="77" hits="1"/>
            <line number="79" hits="1"/>
            <line number="81" hits="1"/>
            <line number="83" hits="1"/>
            <line number="84" hits="1"/>
            <line number="85" hits="1"/>
            <line number="86" hits="1"/>
            <line number="89" hits="1"/>
            <line number="90" hits="1"/>
            <line number="91" hits="1"/>
            <line number="93" hits="1"/>
            <line number="95" hits="1"/>
            <line number="96" hits="1"/>
            <line number="97" hits="1"/>
            <line number="100" hits="1"/>
            <line number="101" hits="1"/>
            <line number="103" hits="1"/>
            <line number="105" hits="1"/>
            <line number="106" hits="1"/>
            <line number="108" hits="1"/>
            <line number="109" hits="1"/>
            <line number="110" hits="1"/>
            <line number="113" hits="1"/>
            <line number="114" hits="1"/>
            <line number="116" hits="1"/>
            <line number="118" hits="1"/>
            <line number="119" hits="1"/>
            <line number="121" hits="1"/>
            <line number="122" hits="1"/>
            <line number="125" hits="1"/>
            <line number="126" hits="1"/>
            <line number="128" hits="1"/>
            <line number="130" hits="1"/>
            <line number="132" hits="1"/>
            <line number="134" hits="1"/>
            <line number="137" hits="1"/>
            <line number="139" hits="1"/>
            <line number="140" hits="1"/>
            <line number="143" hits="1"/>
            <line number="144" hits="1"/>
            <line number="146" hits="1"/>
            <line number="148" hits="1"/>
            <line number="150" hits="1"/>
            <line number="152" hits="1"/>
            <line number="155" hits="1"/>
            <line number="157" hits="1"/>
            <line number="158" hits="1"/>
            <line number="161" hits="1"/>
            <line number="162" hits="1"/>
            <line number="164" hits="1"/>
            <line number="166" hits="1"/>
            <line number="168" hits="1"/>
            <line number="169" hits="1"/>
            <line number="170" hits="1"/>
            <line number="173" hits="1"/>
            <line number="174" hits="1"/>
            <line number="176" hits="1"/>
            <line number="177" hits="1"/>
            <line number="179" hits="1"/>
            <line number="181" hits="1"/>
            <line number="182" hits="1"/>
            <line number="183" hits="1"/>
            <line number="184" hits="1"/>
            <line number="187" hits="1"/>
            <line number="188" hits="1"/>
            <line number="190" hits="1"/>
            <line number="191" hits="1"/>
            <line number="193" hits="1"/>
            <line number="195" hits="1"/>
            <line number="196" hits="1"/>
            <line number="197" hits="1"/>
            <line number="198" hits="1"/>
            <line number="201" hits="0"/>
            <line number="202" hits="0"/>
            <line number="203" hits="0"/>
          </lines>
        </class>
        <class name="GlobalID.cpp" filename="Users\joaom\Documents\Projects_CPP\Integration-Project-4\src\core\GlobalID.cpp" line-rate="1" branch-rate="0" complexity="0">
          <methods/>
          <lines>
            <line number="6" hits="1"/>
            <line number="7" hits="1"/>
            <line number="8" hits="1"/>
          </lines>
        </class>
        <class name="Apolo.cpp" filename="Users\joaom\Documents\Projects_CPP\Integration-Project-4\src\meters\Apolo\Apolo.cpp" line-rate="1" branch-rate="0" complexity="0">
          <methods/>
          <lines>
            <line number="4" hits="1"/>
            <line number="7" hits="1"/>
            <line number="9" hits="1"/>
          </lines>
        </class>
        <class name="Apolo6031.cpp" filename="Users\joaom\Documents\Projects_CPP\Integration-Project-4\src\meters\Apolo\Apolo6031.cpp" line-rate="1" branch-rate="0" complexity="0">
          <methods/>
          <lines>
            <line number="5" hits="1"/>
            <line number="8" hits="1"/>
            <line number="10" hits="1"/>
            <line number="13" hits="1"/>
            <line number="14" hits="1"/>
            <line number="15" hits="1"/>
            <line number="18" hits="1"/>
            <line number="19" hits="1"/>
            <line number="20" hits="1"/>
          </lines>
        </class>
        <class name="Ares.cpp" filename="Users\joaom\Documents\Projects_CPP\Integration-Project-4\src\meters\Ares\Ares.cpp" line-rate="0.66666666666666663" branch-rate="0" complexity="0">
          <methods/>
          <lines>
            <line number="4" hits="1"/>
            <line number="7" hits="0"/>
            <line number="9" hits="1"/>
          </lines>
        </class>
        <class name="Ares7021.cpp" filename="Users\joaom\Documents\Projects_CPP\Integration-Project-4\src\meters\Ares\Ares7021.cpp" line-rate="0.22222222222222221" branch-rate="0" complexity="0">
          <methods/>
          <lines>
            <line number="5" hits="1"/>
            <line number="8" hits="0"/>
            <line number="10" hits="1"/>
            <line number="13" hits="0"/>
            <line number="14" hits="0"/>
            <line number="15" hits="0"/>
            <line number="18" hits="0"/>
            <line number="19" hits="0"/>
            <line number="20" hits="0"/>
          </lines>
        </class>
        <class name="Ares7023.cpp" filename="Users\joaom\Documents\Projects_CPP\Integration-Project-4\src\meters\Ares\Ares7023.cpp" line-rate="0.22222222222222221" branch-rate="0" complexity="0">
          <methods/>
          <lines>
            <line number="5" hits="1"/>
            <line number="8" hits="0"/>
            <line number="10" hits="1"/>
            <line number="13" hits="0"/>
            <line number="14" hits="0"/>
            <line number="15" hits="0"/>
            <line number="18" hits="0"/>
            <line number="19" hits="0"/>
            <line number="20" hits="0"/>
          </lines>
        </class>
        <class name="Ares7031.cpp" filename="Users\joaom\Documents\Projects_CPP\Integration-Project-4\src\meters\Ares\Ares7031.cpp" line-rate="0.22222222222222221" branch-rate="0" complexity="0">
          <methods/>
          <lines>
            <line number="5" hits="1"/>
            <line number="8" hits="0"/>
            <line number="10" hits="1"/>
            <line number="13" hits="0"/>
            <line number="14" hits="0"/>
            <line number="15" hits="0"/>
            <line number="18" hits="0"/>
            <line number="19" hits="0"/>
            <line number="20" hits="0"/>
          </lines>
        </class>
        <class name="Ares8023.cpp" filename="Users\joaom\Documents\Projects_CPP\Integration-Project-4\src\meters\Ares\Ares8023.cpp" line-rate="0.22222222222222221" branch-rate="0" complexity="0">
          <methods/>
          <lines>
            <line number="5" hits="1"/>
            <line number="8" hits="0"/>
            <line number="10" hits="1"/>
            <line number="13" hits="0"/>
            <line number="14" hits="0"/>
            <line number="15" hits="0"/>
            <line number="18" hits="0"/>
            <line number="19" hits="0"/>
            <line number="20" hits="0"/>
          </lines>
        </class>
        <class name="Ares8023_15.cpp" filename="Users\joaom\Documents\Projects_CPP\Integration-Project-4\src\meters\Ares\Ares8023_15.cpp" line-rate="0.22222222222222221" branch-rate="0" complexity="0">
          <methods/>
          <lines>
            <line number="5" hits="1"/>
            <line number="8" hits="0"/>
            <line number="10" hits="1"/>
            <line number="13" hits="0"/>
            <line number="14" hits="0"/>
            <line number="15" hits="0"/>
            <line number="18" hits="0"/>
            <line number="19" hits="0"/>
            <line number="20" hits="0"/>
          </lines>
        </class>
        <class name="Ares8023_200.cpp" filename="Users\joaom\Documents\Projects_CPP\Integration-Project-4\src\meters\Ares\Ares8023_200.cpp" line-rate="0.22222222222222221" branch-rate="0" complexity="0">
          <methods/>
          <lines>
            <line number="5" hits="1"/>
            <line number="8" hits="0"/>
            <line number="10" hits="1"/>
            <line number="13" hits="0"/>
            <line number="14" hits="0"/>
            <line number="15" hits="0"/>
            <line number="18" hits="0"/>
            <line number="19" hits="0"/>
            <line number="20" hits="0"/>
          </lines>
        </class>
        <class name="Cronos.cpp" filename="Users\joaom\Documents\Projects_CPP\Integration-Project-4\src\meters\Cronos\Cronos.cpp" line-rate="1" branch-rate="0" complexity="0">
          <methods/>
          <lines>
            <line number="4" hits="1"/>
            <line number="7" hits="1"/>
            <line number="9" hits="1"/>
          </lines>
        </class>
        <class name="Cronos6001_A.cpp" filename="Users\joaom\Documents\Projects_CPP\Integration-Project-4\src\meters\Cronos\Cronos6001_A.cpp" line-rate="0.22222222222222221" branch-rate="0" complexity="0">
          <methods/>
          <lines>
            <line number="5" hits="1"/>
            <line number="8" hits="0"/>
            <line number="10" hits="1"/>
            <line number="13" hits="0"/>
            <line number="14" hits="0"/>
            <line number="15" hits="0"/>
            <line number="18" hits="0"/>
            <line number="19" hits="0"/>
            <line number="20" hits="0"/>
          </lines>
        </class>
        <class name="Cronos6003.cpp" filename="Users\joaom\Documents\Projects_CPP\Integration-Project-4\src\meters\Cronos\Cronos6003.cpp" line-rate="0.22222222222222221" branch-rate="0" complexity="0">
          <methods/>
          <lines>
            <line number="5" hits="1"/>
            <line number="8" hits="0"/>
            <line number="10" hits="1"/>
            <line number="13" hits="0"/>
            <line number="14" hits="0"/>
            <line number="15" hits="0"/>
            <line number="18" hits="0"/>
            <line number="19" hits="0"/>
            <line number="20" hits="0"/>
          </lines>
        </class>
        <class name="Cronos6021_A.cpp" filename="Users\joaom\Documents\Projects_CPP\Integration-Project-4\src\meters\Cronos\Cronos6021_A.cpp" line-rate="0.22222222222222221" branch-rate="0" complexity="0">
          <methods/>
          <lines>
            <line number="5" hits="1"/>
            <line number="8" hits="0"/>
            <line number="10" hits="1"/>
            <line number="13" hits="0"/>
            <line number="14" hits="0"/>
            <line number="15" hits="0"/>
            <line number="18" hits="0"/>
            <line number="19" hits="0"/>
            <line number="20" hits="0"/>
          </lines>
        </class>
        <class name="Cronos6021_L.cpp" filename="Users\joaom\Documents\Projects_CPP\Integration-Project-4\src\meters\Cronos\Cronos6021_L.cpp" line-rate="0.22222222222222221" branch-rate="0" complexity="0">
          <methods/>
          <lines>
            <line number="5" hits="1"/>
            <line number="8" hits="0"/>
            <line number="10" hits="1"/>
            <line number="13" hits="0"/>
            <line number="14" hits="0"/>
            <line number="15" hits="0"/>
            <line number="18" hits="0"/>
            <line number="19" hits="0"/>
            <line number="20" hits="0"/>
          </lines>
        </class>
        <class name="Cronos7023.cpp" filename="Users\joaom\Documents\Projects_CPP\Integration-Project-4\src\meters\Cronos\Cronos7023.cpp" line-rate="0.66666666666666663" branch-rate="0" complexity="0">
          <methods/>
          <lines>
            <line number="5" hits="1"/>
            <line number="8" hits="1"/>
            <line number="10" hits="1"/>
            <line number="13" hits="0"/>
            <line number="14" hits="0"/>
            <line number="15" hits="0"/>
            <line number="18" hits="1"/>
            <line number="19" hits="1"/>
            <line number="20" hits="1"/>
          </lines>
        </class>
        <class name="Cronos7023_2_5.cpp" filename="Users\joaom\Documents\Projects_CPP\Integration-Project-4\src\meters\Cronos\Cronos7023_2_5.cpp" line-rate="0.22222222222222221" branch-rate="0" complexity="0">
          <methods/>
          <lines>
            <line number="5" hits="1"/>
            <line number="8" hits="0"/>
            <line number="10" hits="1"/>
            <line number="13" hits="0"/>
            <line number="14" hits="0"/>
            <line number="15" hits="0"/>
            <line number="18" hits="0"/>
            <line number="19" hits="0"/>
            <line number="20" hits="0"/>
          </lines>
        </class>
        <class name="Cronos7023_L.cpp" filename="Users\joaom\Documents\Projects_CPP\Integration-Project-4\src\meters\Cronos\Cronos7023_L.cpp" line-rate="0.66666666666666663" branch-rate="0" complexity="0">
          <methods/>
          <lines>
            <line number="5" hits="1"/>
            <line number="8" hits="1"/>
            <line number="10" hits="1"/>
            <line number="13" hits="0"/>
            <line number="14" hits="0"/>
            <line number="15" hits="0"/>
            <line number="18" hits="1"/>
            <line number="19" hits="1"/>
            <line number="20" hits="1"/>
          </lines>
        </class>
        <class name="Meter.cpp" filename="Users\joaom\Documents\Projects_CPP\Integration-Project-4\src\meters\Meter.cpp" line-rate="0.89655172413793105" branch-rate="0" complexity="0">
          <methods/>
          <lines>
            <line number="4" hits="1"/>
            <line number="5" hits="1"/>
            <line number="6" hits="1"/>
            <line number="7" hits="1"/>
            <line number="8" hits="1"/>
            <line number="9" hits="1"/>
            <line number="12" hits="1"/>
            <line number="13" hits="1"/>
            <line number="14" hits="1"/>
            <line number="15" hits="1"/>
            <line number="16" hits="1"/>
            <line number="17" hits="1"/>
            <line number="20" hits="1"/>
            <line number="21" hits="1"/>
            <line number="22" hits="1"/>
            <line number="25" hits="1"/>
            <line number="26" hits="1"/>
            <line number="27" hits="1"/>
            <line number="30" hits="1"/>
            <line number="31" hits="1"/>
            <line number="32" hits="1"/>
            <line number="35" hits="1"/>
            <line number="36" hits="1"/>
            <line number="37" hits="1"/>
            <line number="40" hits="0"/>
            <line number="41" hits="0"/>
            <line number="42" hits="0"/>
            <line number="45" hits="1"/>
            <line number="46" hits="1"/>
          </lines>
        </class>
        <class name="SinglePhaseMeter.cpp" filename="Users\joaom\Documents\Projects_CPP\Integration-Project-4\src\meters\Phase\SinglePhaseMeter.cpp" line-rate="0" branch-rate="0" complexity="0">
          <methods/>
          <lines>
            <line number="4" hits="0"/>
            <line number="6" hits="0"/>
            <line number="7" hits="0"/>
            <line number="9" hits="0"/>
            <line number="10" hits="0"/>
            <line number="12" hits="0"/>
            <line number="13" hits="0"/>
          </lines>
        </class>
        <class name="ThreePhaseMeter.cpp" filename="Users\joaom\Documents\Projects_CPP\Integration-Project-4\src\meters\Phase\ThreePhaseMeter.cpp" line-rate="1" branch-rate="0" complexity="0">
          <methods/>
          <lines>
            <line number="4" hits="1"/>
            <line number="6" hits="1"/>
            <line number="7" hits="1"/>
            <line number="9" hits="1"/>
            <line number="11" hits="1"/>
            <line number="12" hits="1"/>
            <line number="13" hits="1"/>
            <line number="15" hits="1"/>
            <line number="16" hits="1"/>
          </lines>
        </class>
        <class name="TwoPhaseMeter.cpp" filename="Users\joaom\Documents\Projects_CPP\Integration-Project-4\src\meters\Phase\TwoPhaseMeter.cpp" line-rate="0" branch-rate="0" complexity="0">
          <methods/>
          <lines>
            <line number="4" hits="0"/>
            <line number="6" hits="0"/>
            <line number="7" hits="0"/>
            <line number="9" hits="0"/>
            <line number="11" hits="0"/>
            <line number="12" hits="0"/>
            <line number="14" hits="0"/>
            <line number="15" hits="0"/>
          </lines>
        </class>
        <class name="Zeus.cpp" filename="Users\joaom\Documents\Projects_CPP\Integration-Project-4\src\meters\Zeus\Zeus.cpp" line-rate="1" branch-rate="0" complexity="0">
          <methods/>
          <lines>
            <line number="4" hits="1"/>
            <line number="7" hits="1"/>
            <line number="9" hits="1"/>
          </lines>
        </class>
        <class name="Zeus8021.cpp" filename="Users\joaom\Documents\Projects_CPP\Integration-Project-4\src\meters\Zeus\Zeus8021.cpp" line-rate="0.66666666666666663" branch-rate="0" complexity="0">
          <methods/>
          <lines>
            <line number="5" hits="1"/>
            <line number="8" hits="1"/>
            <line number="10" hits="1"/>
            <line number="13" hits="0"/>
            <line number="14" hits="0"/>
            <line number="15" hits="0"/>
            <line number="18" hits="1"/>
            <line number="19" hits="1"/>
            <line number="20" hits="1"/>
          </lines>
        </class>
        <class name="Zeus8023.cpp" filename="Users\joaom\Documents\Projects_CPP\Integration-Project-4\src\meters\Zeus\Zeus8023.cpp" line-rate="0.66666666666666663" branch-rate="0" complexity="0">
          <methods/>
          <lines>
            <line number="5" hits="1"/>
            <line number="8" hits="1"/>
            <line number="10" hits="1"/>
            <line number="13" hits="0"/>
            <line number="14" hits="0"/>
            <line number="15" hits="0"/>
            <line number="18" hits="1"/>
            <line number="19" hits="1"/>
            <line number="20" hits="1"/>
          </lines>
        </class>
        <class name="Zeus8031.cpp" filename="Users\joaom\Documents\Projects_CPP\Integration-Project-4\src\meters\Zeus\Zeus8031.cpp" line-rate="0.66666666666666663" branch-rate="0" complexity="0">
          <methods/>
          <lines>
            <line number="5" hits="1"/>
            <line number="7" hits="1"/>
            <line number="10" hits="1"/>
            <line number="13" hits="0"/>
            <line number="14" hits="0"/>
            <line number="15" hits="0"/>
            <line number="18" hits="1"/>
            <line number="19" hits="1"/>
            <line number="20" hits="1"/>
          </lines>
        </class>
      </classes>
    </package>
  </packages>
</coverage>
